启动Base64网络传输服务器...
Base64网络传输服务器 版本 1.0.0
协议版本: 1.0
服务器socket初始化成功，监听端口 8080
数据库连接成功: data/database/server.db
数据库表创建完成
服务器初始化完成，监听端口 8080

=== 服务器状态 ===
版本: 1.0.0
端口: 8080
运行状态: 已停止
连接的客户端数量: 0
数据库状态: 已连接
==================

服务器开始接受连接...

收到终止信号，正在关闭服务器...
正在清理资源...
数据库连接已关闭
服务器已关闭
启动Base64网络传输服务器...
Base64网络传输服务器 版本 1.0.0
协议版本: 1.0
服务器socket初始化成功，监听端口 8888
数据库连接成功: data/database/server.db
数据库表创建完成
服务器版本已更新到数据库: 2.0.0
服务器版本已设置为: 2.0.0
服务器初始化完成，监听端口 8888

=== 服务器状态 ===
版本: 1.0.0
端口: 8888
运行状态: 已停止
连接的客户端数量: 0
数据库状态: 已连接
==================

服务器开始接受连接...

收到终止信号，正在关闭服务器...
正在清理资源...
数据库连接已关闭
服务器已关闭
启动Base64网络传输服务器...
Base64网络传输服务器 版本 2.0.0
协议版本: 1.0
服务器socket初始化成功，监听端口 8888
数据库连接成功: data/database/server.db
数据库表创建完成
服务器版本已更新到数据库: 2.0.1
服务器版本已设置为: 2.0.1
服务器初始化完成，监听端口 8888
服务器开始接受连接...

收到终止信号，正在关闭服务器...

=== 服务器状态 ===
版本: 2.0.1
端口: 8888
运行状态: 已停止
连接的客户端数量: 0
数据库状态: 已连接
==================

正在清理资源...
数据库连接已关闭
服务器已关闭
